0 info it worked if it ends with ok
1 verbose cli [
1 verbose cli   'F:\\node.js\\node.exe',
1 verbose cli   'F:\\node.js\\node_modules\\npm\\bin\\npm-cli.js',
1 verbose cli   'run',
1 verbose cli   'sever'
1 verbose cli ]
2 info using npm@6.13.4
3 info using node@v12.14.1
4 verbose stack Error: missing script: sever
4 verbose stack
4 verbose stack Did you mean this?
4 verbose stack     serve
4 verbose stack     at run (F:\node.js\node_modules\npm\lib\run-script.js:155:19)
4 verbose stack     at F:\node.js\node_modules\npm\lib\run-script.js:63:5
4 verbose stack     at F:\node.js\node_modules\npm\node_modules\read-package-json\read-json.js:116:5
4 verbose stack     at F:\node.js\node_modules\npm\node_modules\read-package-json\read-json.js:436:5
4 verbose stack     at checkBinReferences_ (F:\node.js\node_modules\npm\node_modules\read-package-json\read-json.js:391:45)
4 verbose stack     at final (F:\node.js\node_modules\npm\node_modules\read-package-json\read-json.js:434:3)
4 verbose stack     at then (F:\node.js\node_modules\npm\node_modules\read-package-json\read-json.js:161:5)
4 verbose stack     at F:\node.js\node_modules\npm\node_modules\read-package-json\read-json.js:382:12
4 verbose stack     at F:\node.js\node_modules\npm\node_modules\graceful-fs\graceful-fs.js:115:16
4 verbose stack     at FSReqCallback.readFileAfterClose [as oncomplete] (internal/fs/read_file_context.js:61:3)
5 verbose cwd F:\VS Code\webPack\projectmall
6 verbose Windows_NT 10.0.18362
7 verbose argv "F:\\node.js\\node.exe" "F:\\node.js\\node_modules\\npm\\bin\\npm-cli.js" "run" "sever"
8 verbose node v12.14.1
9 verbose npm  v6.13.4
10 error missing script: sever
10 error
10 error Did you mean this?
10 error     serve
11 verbose exit [ 1, true ]
